生成启动时间为 2019/5/21 9:23:23。
     1>项目“F:\2018-2019第2学期\操作系统实践\操作系统实践PPT\实验05 避免死锁(2)\实验05 避免死锁(2)\实验05 避免死锁(2).vcxproj”在节点 2 上(Build 个目标)。
     1>ClCompile:
         D:\Program Files (x86)\Microsoft Visual Studio 11.0\VC\bin\CL.exe /c /ZI /nologo /W3 /WX- /Od /Oy- /D WIN32 /D _DEBUG /D _CONSOLE /D _UNICODE /D UNICODE /Gm /EHsc /RTC1 /MDd /GS /fp:precise /Zc:wchar_t /Zc:forScope /Fo"Debug\\" /Fd"Debug\vc110.pdb" /Gd /TC /analyze- /errorReport:prompt ProPCB.c main.c
         main.c
     1>f:\2018-2019第2学期\操作系统实践\操作系统实践ppt\实验05 避免死锁(2)\实验05 避免死锁(2)\propcb.h(9): warning C4030: 第一个形参表比第二个长
     1>f:\2018-2019第2学期\操作系统实践\操作系统实践ppt\实验05 避免死锁(2)\实验05 避免死锁(2)\propcb.h(9): warning C4028: 形参 2 与声明不同
     1>f:\2018-2019第2学期\操作系统实践\操作系统实践ppt\实验05 避免死锁(2)\实验05 避免死锁(2)\main.c(6): warning C4996: 'strcpy': This function or variable may be unsafe. Consider using strcpy_s instead. To disable deprecation, use _CRT_SECURE_NO_WARNINGS. See online help for details.
                 d:\program files (x86)\microsoft visual studio 11.0\vc\include\string.h(110) : 参见“strcpy”的声明
     1>f:\2018-2019第2学期\操作系统实践\操作系统实践ppt\实验05 避免死锁(2)\实验05 避免死锁(2)\main.c(14): warning C4996: 'strcpy': This function or variable may be unsafe. Consider using strcpy_s instead. To disable deprecation, use _CRT_SECURE_NO_WARNINGS. See online help for details.
                 d:\program files (x86)\microsoft visual studio 11.0\vc\include\string.h(110) : 参见“strcpy”的声明
     1>f:\2018-2019第2学期\操作系统实践\操作系统实践ppt\实验05 避免死锁(2)\实验05 避免死锁(2)\main.c(22): warning C4996: 'strcpy': This function or variable may be unsafe. Consider using strcpy_s instead. To disable deprecation, use _CRT_SECURE_NO_WARNINGS. See online help for details.
                 d:\program files (x86)\microsoft visual studio 11.0\vc\include\string.h(110) : 参见“strcpy”的声明
     1>f:\2018-2019第2学期\操作系统实践\操作系统实践ppt\实验05 避免死锁(2)\实验05 避免死锁(2)\main.c(30): warning C4996: 'strcpy': This function or variable may be unsafe. Consider using strcpy_s instead. To disable deprecation, use _CRT_SECURE_NO_WARNINGS. See online help for details.
                 d:\program files (x86)\microsoft visual studio 11.0\vc\include\string.h(110) : 参见“strcpy”的声明
     1>f:\2018-2019第2学期\操作系统实践\操作系统实践ppt\实验05 避免死锁(2)\实验05 避免死锁(2)\main.c(38): warning C4996: 'strcpy': This function or variable may be unsafe. Consider using strcpy_s instead. To disable deprecation, use _CRT_SECURE_NO_WARNINGS. See online help for details.
                 d:\program files (x86)\microsoft visual studio 11.0\vc\include\string.h(110) : 参见“strcpy”的声明
     1>f:\2018-2019第2学期\操作系统实践\操作系统实践ppt\实验05 避免死锁(2)\实验05 避免死锁(2)\main.c(73): warning C4996: 'scanf': This function or variable may be unsafe. Consider using scanf_s instead. To disable deprecation, use _CRT_SECURE_NO_WARNINGS. See online help for details.
                 d:\program files (x86)\microsoft visual studio 11.0\vc\include\stdio.h(290) : 参见“scanf”的声明
     1>f:\2018-2019第2学期\操作系统实践\操作系统实践ppt\实验05 避免死锁(2)\实验05 避免死锁(2)\main.c(78): warning C4996: 'scanf': This function or variable may be unsafe. Consider using scanf_s instead. To disable deprecation, use _CRT_SECURE_NO_WARNINGS. See online help for details.
                 d:\program files (x86)\microsoft visual studio 11.0\vc\include\stdio.h(290) : 参见“scanf”的声明
     1>f:\2018-2019第2学期\操作系统实践\操作系统实践ppt\实验05 避免死锁(2)\实验05 避免死锁(2)\main.c(95): warning C4996: 'scanf': This function or variable may be unsafe. Consider using scanf_s instead. To disable deprecation, use _CRT_SECURE_NO_WARNINGS. See online help for details.
                 d:\program files (x86)\microsoft visual studio 11.0\vc\include\stdio.h(290) : 参见“scanf”的声明
     1>f:\2018-2019第2学期\操作系统实践\操作系统实践ppt\实验05 避免死锁(2)\实验05 避免死锁(2)\main.c(113): warning C4996: 'scanf': This function or variable may be unsafe. Consider using scanf_s instead. To disable deprecation, use _CRT_SECURE_NO_WARNINGS. See online help for details.
                 d:\program files (x86)\microsoft visual studio 11.0\vc\include\stdio.h(290) : 参见“scanf”的声明
     1>f:\2018-2019第2学期\操作系统实践\操作系统实践ppt\实验05 避免死锁(2)\实验05 避免死锁(2)\main.c(122): warning C4047: “函数”:“PCB *”与“int”的间接级别不同
     1>f:\2018-2019第2学期\操作系统实践\操作系统实践ppt\实验05 避免死锁(2)\实验05 避免死锁(2)\main.c(122): warning C4024: “OutProsess”: 形参和实参 2 的类型不同
     1>f:\2018-2019第2学期\操作系统实践\操作系统实践ppt\实验05 避免死锁(2)\实验05 避免死锁(2)\main.c(122): warning C4020: “OutProsess”: 实参太多
     1>f:\2018-2019第2学期\操作系统实践\操作系统实践ppt\实验05 避免死锁(2)\实验05 避免死锁(2)\main.c(54): warning C4101: “i”: 未引用的局部变量
     1>f:\2018-2019第2学期\操作系统实践\操作系统实践ppt\实验05 避免死锁(2)\实验05 避免死锁(2)\main.c(55): warning C4101: “q”: 未引用的局部变量
         ProPCB.c
     1>f:\2018-2019第2学期\操作系统实践\操作系统实践ppt\实验05 避免死锁(2)\实验05 避免死锁(2)\propcb.h(9): warning C4030: 第一个形参表比第二个长
     1>f:\2018-2019第2学期\操作系统实践\操作系统实践ppt\实验05 避免死锁(2)\实验05 避免死锁(2)\propcb.h(9): warning C4028: 形参 2 与声明不同
     1>f:\2018-2019第2学期\操作系统实践\操作系统实践ppt\实验05 避免死锁(2)\实验05 避免死锁(2)\propcb.c(10): warning C4028: 形参 2 与声明不同
     1>f:\2018-2019第2学期\操作系统实践\操作系统实践ppt\实验05 避免死锁(2)\实验05 避免死锁(2)\propcb.c(10): warning C4029: 声明的形参表不同于定义
         正在生成代码...
       Link:
         D:\Program Files (x86)\Microsoft Visual Studio 11.0\VC\bin\link.exe /ERRORREPORT:PROMPT /OUT:"F:\2018-2019第2学期\操作系统实践\操作系统实践PPT\实验05 避免死锁(2)\Debug\实验05 避免死锁(2).exe" /INCREMENTAL /NOLOGO kernel32.lib user32.lib gdi32.lib winspool.lib comdlg32.lib advapi32.lib shell32.lib ole32.lib oleaut32.lib uuid.lib odbc32.lib odbccp32.lib /MANIFEST /MANIFESTUAC:"level='asInvoker' uiAccess='false'" /manifest:embed /DEBUG /PDB:"F:\2018-2019第2学期\操作系统实践\操作系统实践PPT\实验05 避免死锁(2)\Debug\实验05 避免死锁(2).pdb" /SUBSYSTEM:CONSOLE /TLBID:1 /DYNAMICBASE /NXCOMPAT /IMPLIB:"F:\2018-2019第2学期\操作系统实践\操作系统实践PPT\实验05 避免死锁(2)\Debug\实验05 避免死锁(2).lib" /MACHINE:X86 Debug\ChainList.obj
         Debug\main.obj
         Debug\ProPCB.obj
         实验05 避免死锁(2).vcxproj -> F:\2018-2019第2学期\操作系统实践\操作系统实践PPT\实验05 避免死锁(2)\Debug\实验05 避免死锁(2).exe
     1>已完成生成项目“F:\2018-2019第2学期\操作系统实践\操作系统实践PPT\实验05 避免死锁(2)\实验05 避免死锁(2)\实验05 避免死锁(2).vcxproj”(Build 个目标)的操作。

生成成功。

已用时间 00:00:01.81
